11:32:02 **** Incremental Build of configuration Debug for project SWEN 340 ****
make -j12 all 
arm-none-eabi-gcc "../Drivers/STM32L4xx_HAL_Driver/Src/stm32l4xx_hal.c" -mcpu=cortex-m4 -std=gnu11 -g3 -DDEBUG -DUSE_HAL_DRIVER -DSTM32L476xx -c -I../Core/Inc -I../Core/Inc/devices -I../Core/Inc/homework -I../Core/Inc/project -I../Core/Inc/system -I../Drivers/STM32L4xx_HAL_Driver/Inc -I../Drivers/STM32L4xx_HAL_Driver/Inc/Legacy -I../Drivers/CMSIS/Device/ST/STM32L4xx/Include -I../Drivers/CMSIS/Include -O0 -ffunction-sections -fdata-sections -Wall -fstack-usage -fcyclomatic-complexity -MMD -MP -MF"Drivers/STM32L4xx_HAL_Driver/Src/stm32l4xx_hal.d" -MT"Drivers/STM32L4xx_HAL_Driver/Src/stm32l4xx_hal.o" --specs=nano.specs -mfpu=fpv4-sp-d16 -mfloat-abi=hard -mthumb -o "Drivers/STM32L4xx_HAL_Driver/Src/stm32l4xx_hal.o"
arm-none-eabi-gcc "../Drivers/STM32L4xx_HAL_Driver/Src/stm32l4xx_hal_adc.c" -mcpu=cortex-m4 -std=gnu11 -g3 -DDEBUG -DUSE_HAL_DRIVER -DSTM32L476xx -c -I../Core/Inc -I../Core/Inc/devices -I../Core/Inc/homework -I../Core/Inc/project -I../Core/Inc/system -I../Drivers/STM32L4xx_HAL_Driver/Inc -I../Drivers/STM32L4xx_HAL_Driver/Inc/Legacy -I../Drivers/CMSIS/Device/ST/STM32L4xx/Include -I../Drivers/CMSIS/Include -O0 -ffunction-sections -fdata-sections -Wall -fstack-usage -fcyclomatic-complexity -MMD -MP -MF"Drivers/STM32L4xx_HAL_Driver/Src/stm32l4xx_hal_adc.d" -MT"Drivers/STM32L4xx_HAL_Driver/Src/stm32l4xx_hal_adc.o" --specs=nano.specs -mfpu=fpv4-sp-d16 -mfloat-abi=hard -mthumb -o "Drivers/STM32L4xx_HAL_Driver/Src/stm32l4xx_hal_adc.o"
arm-none-eabi-gcc "../Drivers/STM32L4xx_HAL_Driver/Src/stm32l4xx_hal_adc_ex.c" -mcpu=cortex-m4 -std=gnu11 -g3 -DDEBUG -DUSE_HAL_DRIVER -DSTM32L476xx -c -I../Core/Inc -I../Core/Inc/devices -I../Core/Inc/homework -I../Core/Inc/project -I../Core/Inc/system -I../Drivers/STM32L4xx_HAL_Driver/Inc -I../Drivers/STM32L4xx_HAL_Driver/Inc/Legacy -I../Drivers/CMSIS/Device/ST/STM32L4xx/Include -I../Drivers/CMSIS/Include -O0 -ffunction-sections -fdata-sections -Wall -fstack-usage -fcyclomatic-complexity -MMD -MP -MF"Drivers/STM32L4xx_HAL_Driver/Src/stm32l4xx_hal_adc_ex.d" -MT"Drivers/STM32L4xx_HAL_Driver/Src/stm32l4xx_hal_adc_ex.o" --specs=nano.specs -mfpu=fpv4-sp-d16 -mfloat-abi=hard -mthumb -o "Drivers/STM32L4xx_HAL_Driver/Src/stm32l4xx_hal_adc_ex.o"
arm-none-eabi-gcc "../Drivers/STM32L4xx_HAL_Driver/Src/stm32l4xx_hal_cortex.c" -mcpu=cortex-m4 -std=gnu11 -g3 -DDEBUG -DUSE_HAL_DRIVER -DSTM32L476xx -c -I../Core/Inc -I../Core/Inc/devices -I../Core/Inc/homework -I../Core/Inc/project -I../Core/Inc/system -I../Drivers/STM32L4xx_HAL_Driver/Inc -I../Drivers/STM32L4xx_HAL_Driver/Inc/Legacy -I../Drivers/CMSIS/Device/ST/STM32L4xx/Include -I../Drivers/CMSIS/Include -O0 -ffunction-sections -fdata-sections -Wall -fstack-usage -fcyclomatic-complexity -MMD -MP -MF"Drivers/STM32L4xx_HAL_Driver/Src/stm32l4xx_hal_cortex.d" -MT"Drivers/STM32L4xx_HAL_Driver/Src/stm32l4xx_hal_cortex.o" --specs=nano.specs -mfpu=fpv4-sp-d16 -mfloat-abi=hard -mthumb -o "Drivers/STM32L4xx_HAL_Driver/Src/stm32l4xx_hal_cortex.o"
arm-none-eabi-gcc "../Drivers/STM32L4xx_HAL_Driver/Src/stm32l4xx_hal_dac.c" -mcpu=cortex-m4 -std=gnu11 -g3 -DDEBUG -DUSE_HAL_DRIVER -DSTM32L476xx -c -I../Core/Inc -I../Core/Inc/devices -I../Core/Inc/homework -I../Core/Inc/project -I../Core/Inc/system -I../Drivers/STM32L4xx_HAL_Driver/Inc -I../Drivers/STM32L4xx_HAL_Driver/Inc/Legacy -I../Drivers/CMSIS/Device/ST/STM32L4xx/Include -I../Drivers/CMSIS/Include -O0 -ffunction-sections -fdata-sections -Wall -fstack-usage -fcyclomatic-complexity -MMD -MP -MF"Drivers/STM32L4xx_HAL_Driver/Src/stm32l4xx_hal_dac.d" -MT"Drivers/STM32L4xx_HAL_Driver/Src/stm32l4xx_hal_dac.o" --specs=nano.specs -mfpu=fpv4-sp-d16 -mfloat-abi=hard -mthumb -o "Drivers/STM32L4xx_HAL_Driver/Src/stm32l4xx_hal_dac.o"
arm-none-eabi-gcc "../Drivers/STM32L4xx_HAL_Driver/Src/stm32l4xx_hal_dac_ex.c" -mcpu=cortex-m4 -std=gnu11 -g3 -DDEBUG -DUSE_HAL_DRIVER -DSTM32L476xx -c -I../Core/Inc -I../Core/Inc/devices -I../Core/Inc/homework -I../Core/Inc/project -I../Core/Inc/system -I../Drivers/STM32L4xx_HAL_Driver/Inc -I../Drivers/STM32L4xx_HAL_Driver/Inc/Legacy -I../Drivers/CMSIS/Device/ST/STM32L4xx/Include -I../Drivers/CMSIS/Include -O0 -ffunction-sections -fdata-sections -Wall -fstack-usage -fcyclomatic-complexity -MMD -MP -MF"Drivers/STM32L4xx_HAL_Driver/Src/stm32l4xx_hal_dac_ex.d" -MT"Drivers/STM32L4xx_HAL_Driver/Src/stm32l4xx_hal_dac_ex.o" --specs=nano.specs -mfpu=fpv4-sp-d16 -mfloat-abi=hard -mthumb -o "Drivers/STM32L4xx_HAL_Driver/Src/stm32l4xx_hal_dac_ex.o"
arm-none-eabi-gcc "../Drivers/STM32L4xx_HAL_Driver/Src/stm32l4xx_hal_dma.c" -mcpu=cortex-m4 -std=gnu11 -g3 -DDEBUG -DUSE_HAL_DRIVER -DSTM32L476xx -c -I../Core/Inc -I../Core/Inc/devices -I../Core/Inc/homework -I../Core/Inc/project -I../Core/Inc/system -I../Drivers/STM32L4xx_HAL_Driver/Inc -I../Drivers/STM32L4xx_HAL_Driver/Inc/Legacy -I../Drivers/CMSIS/Device/ST/STM32L4xx/Include -I../Drivers/CMSIS/Include -O0 -ffunction-sections -fdata-sections -Wall -fstack-usage -fcyclomatic-complexity -MMD -MP -MF"Drivers/STM32L4xx_HAL_Driver/Src/stm32l4xx_hal_dma.d" -MT"Drivers/STM32L4xx_HAL_Driver/Src/stm32l4xx_hal_dma.o" --specs=nano.specs -mfpu=fpv4-sp-d16 -mfloat-abi=hard -mthumb -o "Drivers/STM32L4xx_HAL_Driver/Src/stm32l4xx_hal_dma.o"
arm-none-eabi-gcc "../Drivers/STM32L4xx_HAL_Driver/Src/stm32l4xx_hal_dma_ex.c" -mcpu=cortex-m4 -std=gnu11 -g3 -DDEBUG -DUSE_HAL_DRIVER -DSTM32L476xx -c -I../Core/Inc -I../Core/Inc/devices -I../Core/Inc/homework -I../Core/Inc/project -I../Core/Inc/system -I../Drivers/STM32L4xx_HAL_Driver/Inc -I../Drivers/STM32L4xx_HAL_Driver/Inc/Legacy -I../Drivers/CMSIS/Device/ST/STM32L4xx/Include -I../Drivers/CMSIS/Include -O0 -ffunction-sections -fdata-sections -Wall -fstack-usage -fcyclomatic-complexity -MMD -MP -MF"Drivers/STM32L4xx_HAL_Driver/Src/stm32l4xx_hal_dma_ex.d" -MT"Drivers/STM32L4xx_HAL_Driver/Src/stm32l4xx_hal_dma_ex.o" --specs=nano.specs -mfpu=fpv4-sp-d16 -mfloat-abi=hard -mthumb -o "Drivers/STM32L4xx_HAL_Driver/Src/stm32l4xx_hal_dma_ex.o"
arm-none-eabi-gcc "../Drivers/STM32L4xx_HAL_Driver/Src/stm32l4xx_hal_exti.c" -mcpu=cortex-m4 -std=gnu11 -g3 -DDEBUG -DUSE_HAL_DRIVER -DSTM32L476xx -c -I../Core/Inc -I../Core/Inc/devices -I../Core/Inc/homework -I../Core/Inc/project -I../Core/Inc/system -I../Drivers/STM32L4xx_HAL_Driver/Inc -I../Drivers/STM32L4xx_HAL_Driver/Inc/Legacy -I../Drivers/CMSIS/Device/ST/STM32L4xx/Include -I../Drivers/CMSIS/Include -O0 -ffunction-sections -fdata-sections -Wall -fstack-usage -fcyclomatic-complexity -MMD -MP -MF"Drivers/STM32L4xx_HAL_Driver/Src/stm32l4xx_hal_exti.d" -MT"Drivers/STM32L4xx_HAL_Driver/Src/stm32l4xx_hal_exti.o" --specs=nano.specs -mfpu=fpv4-sp-d16 -mfloat-abi=hard -mthumb -o "Drivers/STM32L4xx_HAL_Driver/Src/stm32l4xx_hal_exti.o"
arm-none-eabi-gcc "../Drivers/STM32L4xx_HAL_Driver/Src/stm32l4xx_hal_flash.c" -mcpu=cortex-m4 -std=gnu11 -g3 -DDEBUG -DUSE_HAL_DRIVER -DSTM32L476xx -c -I../Core/Inc -I../Core/Inc/devices -I../Core/Inc/homework -I../Core/Inc/project -I../Core/Inc/system -I../Drivers/STM32L4xx_HAL_Driver/Inc -I../Drivers/STM32L4xx_HAL_Driver/Inc/Legacy -I../Drivers/CMSIS/Device/ST/STM32L4xx/Include -I../Drivers/CMSIS/Include -O0 -ffunction-sections -fdata-sections -Wall -fstack-usage -fcyclomatic-complexity -MMD -MP -MF"Drivers/STM32L4xx_HAL_Driver/Src/stm32l4xx_hal_flash.d" -MT"Drivers/STM32L4xx_HAL_Driver/Src/stm32l4xx_hal_flash.o" --specs=nano.specs -mfpu=fpv4-sp-d16 -mfloat-abi=hard -mthumb -o "Drivers/STM32L4xx_HAL_Driver/Src/stm32l4xx_hal_flash.o"
arm-none-eabi-gcc "../Drivers/STM32L4xx_HAL_Driver/Src/stm32l4xx_hal_flash_ex.c" -mcpu=cortex-m4 -std=gnu11 -g3 -DDEBUG -DUSE_HAL_DRIVER -DSTM32L476xx -c -I../Core/Inc -I../Core/Inc/devices -I../Core/Inc/homework -I../Core/Inc/project -I../Core/Inc/system -I../Drivers/STM32L4xx_HAL_Driver/Inc -I../Drivers/STM32L4xx_HAL_Driver/Inc/Legacy -I../Drivers/CMSIS/Device/ST/STM32L4xx/Include -I../Drivers/CMSIS/Include -O0 -ffunction-sections -fdata-sections -Wall -fstack-usage -fcyclomatic-complexity -MMD -MP -MF"Drivers/STM32L4xx_HAL_Driver/Src/stm32l4xx_hal_flash_ex.d" -MT"Drivers/STM32L4xx_HAL_Driver/Src/stm32l4xx_hal_flash_ex.o" --specs=nano.specs -mfpu=fpv4-sp-d16 -mfloat-abi=hard -mthumb -o "Drivers/STM32L4xx_HAL_Driver/Src/stm32l4xx_hal_flash_ex.o"
arm-none-eabi-gcc "../Drivers/STM32L4xx_HAL_Driver/Src/stm32l4xx_hal_flash_ramfunc.c" -mcpu=cortex-m4 -std=gnu11 -g3 -DDEBUG -DUSE_HAL_DRIVER -DSTM32L476xx -c -I../Core/Inc -I../Core/Inc/devices -I../Core/Inc/homework -I../Core/Inc/project -I../Core/Inc/system -I../Drivers/STM32L4xx_HAL_Driver/Inc -I../Drivers/STM32L4xx_HAL_Driver/Inc/Legacy -I../Drivers/CMSIS/Device/ST/STM32L4xx/Include -I../Drivers/CMSIS/Include -O0 -ffunction-sections -fdata-sections -Wall -fstack-usage -fcyclomatic-complexity -MMD -MP -MF"Drivers/STM32L4xx_HAL_Driver/Src/stm32l4xx_hal_flash_ramfunc.d" -MT"Drivers/STM32L4xx_HAL_Driver/Src/stm32l4xx_hal_flash_ramfunc.o" --specs=nano.specs -mfpu=fpv4-sp-d16 -mfloat-abi=hard -mthumb -o "Drivers/STM32L4xx_HAL_Driver/Src/stm32l4xx_hal_flash_ramfunc.o"
arm-none-eabi-gcc "../Drivers/STM32L4xx_HAL_Driver/Src/stm32l4xx_hal_gpio.c" -mcpu=cortex-m4 -std=gnu11 -g3 -DDEBUG -DUSE_HAL_DRIVER -DSTM32L476xx -c -I../Core/Inc -I../Core/Inc/devices -I../Core/Inc/homework -I../Core/Inc/project -I../Core/Inc/system -I../Drivers/STM32L4xx_HAL_Driver/Inc -I../Drivers/STM32L4xx_HAL_Driver/Inc/Legacy -I../Drivers/CMSIS/Device/ST/STM32L4xx/Include -I../Drivers/CMSIS/Include -O0 -ffunction-sections -fdata-sections -Wall -fstack-usage -fcyclomatic-complexity -MMD -MP -MF"Drivers/STM32L4xx_HAL_Driver/Src/stm32l4xx_hal_gpio.d" -MT"Drivers/STM32L4xx_HAL_Driver/Src/stm32l4xx_hal_gpio.o" --specs=nano.specs -mfpu=fpv4-sp-d16 -mfloat-abi=hard -mthumb -o "Drivers/STM32L4xx_HAL_Driver/Src/stm32l4xx_hal_gpio.o"
arm-none-eabi-gcc "../Drivers/STM32L4xx_HAL_Driver/Src/stm32l4xx_hal_i2c.c" -mcpu=cortex-m4 -std=gnu11 -g3 -DDEBUG -DUSE_HAL_DRIVER -DSTM32L476xx -c -I../Core/Inc -I../Core/Inc/devices -I../Core/Inc/homework -I../Core/Inc/project -I../Core/Inc/system -I../Drivers/STM32L4xx_HAL_Driver/Inc -I../Drivers/STM32L4xx_HAL_Driver/Inc/Legacy -I../Drivers/CMSIS/Device/ST/STM32L4xx/Include -I../Drivers/CMSIS/Include -O0 -ffunction-sections -fdata-sections -Wall -fstack-usage -fcyclomatic-complexity -MMD -MP -MF"Drivers/STM32L4xx_HAL_Driver/Src/stm32l4xx_hal_i2c.d" -MT"Drivers/STM32L4xx_HAL_Driver/Src/stm32l4xx_hal_i2c.o" --specs=nano.specs -mfpu=fpv4-sp-d16 -mfloat-abi=hard -mthumb -o "Drivers/STM32L4xx_HAL_Driver/Src/stm32l4xx_hal_i2c.o"
arm-none-eabi-gcc "../Drivers/STM32L4xx_HAL_Driver/Src/stm32l4xx_hal_i2c_ex.c" -mcpu=cortex-m4 -std=gnu11 -g3 -DDEBUG -DUSE_HAL_DRIVER -DSTM32L476xx -c -I../Core/Inc -I../Core/Inc/devices -I../Core/Inc/homework -I../Core/Inc/project -I../Core/Inc/system -I../Drivers/STM32L4xx_HAL_Driver/Inc -I../Drivers/STM32L4xx_HAL_Driver/Inc/Legacy -I../Drivers/CMSIS/Device/ST/STM32L4xx/Include -I../Drivers/CMSIS/Include -O0 -ffunction-sections -fdata-sections -Wall -fstack-usage -fcyclomatic-complexity -MMD -MP -MF"Drivers/STM32L4xx_HAL_Driver/Src/stm32l4xx_hal_i2c_ex.d" -MT"Drivers/STM32L4xx_HAL_Driver/Src/stm32l4xx_hal_i2c_ex.o" --specs=nano.specs -mfpu=fpv4-sp-d16 -mfloat-abi=hard -mthumb -o "Drivers/STM32L4xx_HAL_Driver/Src/stm32l4xx_hal_i2c_ex.o"
arm-none-eabi-gcc "../Drivers/STM32L4xx_HAL_Driver/Src/stm32l4xx_hal_pwr.c" -mcpu=cortex-m4 -std=gnu11 -g3 -DDEBUG -DUSE_HAL_DRIVER -DSTM32L476xx -c -I../Core/Inc -I../Core/Inc/devices -I../Core/Inc/homework -I../Core/Inc/project -I../Core/Inc/system -I../Drivers/STM32L4xx_HAL_Driver/Inc -I../Drivers/STM32L4xx_HAL_Driver/Inc/Legacy -I../Drivers/CMSIS/Device/ST/STM32L4xx/Include -I../Drivers/CMSIS/Include -O0 -ffunction-sections -fdata-sections -Wall -fstack-usage -fcyclomatic-complexity -MMD -MP -MF"Drivers/STM32L4xx_HAL_Driver/Src/stm32l4xx_hal_pwr.d" -MT"Drivers/STM32L4xx_HAL_Driver/Src/stm32l4xx_hal_pwr.o" --specs=nano.specs -mfpu=fpv4-sp-d16 -mfloat-abi=hard -mthumb -o "Drivers/STM32L4xx_HAL_Driver/Src/stm32l4xx_hal_pwr.o"
arm-none-eabi-gcc "../Drivers/STM32L4xx_HAL_Driver/Src/stm32l4xx_hal_pwr_ex.c" -mcpu=cortex-m4 -std=gnu11 -g3 -DDEBUG -DUSE_HAL_DRIVER -DSTM32L476xx -c -I../Core/Inc -I../Core/Inc/devices -I../Core/Inc/homework -I../Core/Inc/project -I../Core/Inc/system -I../Drivers/STM32L4xx_HAL_Driver/Inc -I../Drivers/STM32L4xx_HAL_Driver/Inc/Legacy -I../Drivers/CMSIS/Device/ST/STM32L4xx/Include -I../Drivers/CMSIS/Include -O0 -ffunction-sections -fdata-sections -Wall -fstack-usage -fcyclomatic-complexity -MMD -MP -MF"Drivers/STM32L4xx_HAL_Driver/Src/stm32l4xx_hal_pwr_ex.d" -MT"Drivers/STM32L4xx_HAL_Driver/Src/stm32l4xx_hal_pwr_ex.o" --specs=nano.specs -mfpu=fpv4-sp-d16 -mfloat-abi=hard -mthumb -o "Drivers/STM32L4xx_HAL_Driver/Src/stm32l4xx_hal_pwr_ex.o"
arm-none-eabi-gcc "../Drivers/STM32L4xx_HAL_Driver/Src/stm32l4xx_hal_rcc.c" -mcpu=cortex-m4 -std=gnu11 -g3 -DDEBUG -DUSE_HAL_DRIVER -DSTM32L476xx -c -I../Core/Inc -I../Core/Inc/devices -I../Core/Inc/homework -I../Core/Inc/project -I../Core/Inc/system -I../Drivers/STM32L4xx_HAL_Driver/Inc -I../Drivers/STM32L4xx_HAL_Driver/Inc/Legacy -I../Drivers/CMSIS/Device/ST/STM32L4xx/Include -I../Drivers/CMSIS/Include -O0 -ffunction-sections -fdata-sections -Wall -fstack-usage -fcyclomatic-complexity -MMD -MP -MF"Drivers/STM32L4xx_HAL_Driver/Src/stm32l4xx_hal_rcc.d" -MT"Drivers/STM32L4xx_HAL_Driver/Src/stm32l4xx_hal_rcc.o" --specs=nano.specs -mfpu=fpv4-sp-d16 -mfloat-abi=hard -mthumb -o "Drivers/STM32L4xx_HAL_Driver/Src/stm32l4xx_hal_rcc.o"
arm-none-eabi-gcc "../Drivers/STM32L4xx_HAL_Driver/Src/stm32l4xx_hal_rcc_ex.c" -mcpu=cortex-m4 -std=gnu11 -g3 -DDEBUG -DUSE_HAL_DRIVER -DSTM32L476xx -c -I../Core/Inc -I../Core/Inc/devices -I../Core/Inc/homework -I../Core/Inc/project -I../Core/Inc/system -I../Drivers/STM32L4xx_HAL_Driver/Inc -I../Drivers/STM32L4xx_HAL_Driver/Inc/Legacy -I../Drivers/CMSIS/Device/ST/STM32L4xx/Include -I../Drivers/CMSIS/Include -O0 -ffunction-sections -fdata-sections -Wall -fstack-usage -fcyclomatic-complexity -MMD -MP -MF"Drivers/STM32L4xx_HAL_Driver/Src/stm32l4xx_hal_rcc_ex.d" -MT"Drivers/STM32L4xx_HAL_Driver/Src/stm32l4xx_hal_rcc_ex.o" --specs=nano.specs -mfpu=fpv4-sp-d16 -mfloat-abi=hard -mthumb -o "Drivers/STM32L4xx_HAL_Driver/Src/stm32l4xx_hal_rcc_ex.o"
arm-none-eabi-gcc "../Drivers/STM32L4xx_HAL_Driver/Src/stm32l4xx_hal_tim.c" -mcpu=cortex-m4 -std=gnu11 -g3 -DDEBUG -DUSE_HAL_DRIVER -DSTM32L476xx -c -I../Core/Inc -I../Core/Inc/devices -I../Core/Inc/homework -I../Core/Inc/project -I../Core/Inc/system -I../Drivers/STM32L4xx_HAL_Driver/Inc -I../Drivers/STM32L4xx_HAL_Driver/Inc/Legacy -I../Drivers/CMSIS/Device/ST/STM32L4xx/Include -I../Drivers/CMSIS/Include -O0 -ffunction-sections -fdata-sections -Wall -fstack-usage -fcyclomatic-complexity -MMD -MP -MF"Drivers/STM32L4xx_HAL_Driver/Src/stm32l4xx_hal_tim.d" -MT"Drivers/STM32L4xx_HAL_Driver/Src/stm32l4xx_hal_tim.o" --specs=nano.specs -mfpu=fpv4-sp-d16 -mfloat-abi=hard -mthumb -o "Drivers/STM32L4xx_HAL_Driver/Src/stm32l4xx_hal_tim.o"
arm-none-eabi-gcc "../Drivers/STM32L4xx_HAL_Driver/Src/stm32l4xx_hal_tim_ex.c" -mcpu=cortex-m4 -std=gnu11 -g3 -DDEBUG -DUSE_HAL_DRIVER -DSTM32L476xx -c -I../Core/Inc -I../Core/Inc/devices -I../Core/Inc/homework -I../Core/Inc/project -I../Core/Inc/system -I../Drivers/STM32L4xx_HAL_Driver/Inc -I../Drivers/STM32L4xx_HAL_Driver/Inc/Legacy -I../Drivers/CMSIS/Device/ST/STM32L4xx/Include -I../Drivers/CMSIS/Include -O0 -ffunction-sections -fdata-sections -Wall -fstack-usage -fcyclomatic-complexity -MMD -MP -MF"Drivers/STM32L4xx_HAL_Driver/Src/stm32l4xx_hal_tim_ex.d" -MT"Drivers/STM32L4xx_HAL_Driver/Src/stm32l4xx_hal_tim_ex.o" --specs=nano.specs -mfpu=fpv4-sp-d16 -mfloat-abi=hard -mthumb -o "Drivers/STM32L4xx_HAL_Driver/Src/stm32l4xx_hal_tim_ex.o"
arm-none-eabi-gcc "../Drivers/STM32L4xx_HAL_Driver/Src/stm32l4xx_hal_uart.c" -mcpu=cortex-m4 -std=gnu11 -g3 -DDEBUG -DUSE_HAL_DRIVER -DSTM32L476xx -c -I../Core/Inc -I../Core/Inc/devices -I../Core/Inc/homework -I../Core/Inc/project -I../Core/Inc/system -I../Drivers/STM32L4xx_HAL_Driver/Inc -I../Drivers/STM32L4xx_HAL_Driver/Inc/Legacy -I../Drivers/CMSIS/Device/ST/STM32L4xx/Include -I../Drivers/CMSIS/Include -O0 -ffunction-sections -fdata-sections -Wall -fstack-usage -fcyclomatic-complexity -MMD -MP -MF"Drivers/STM32L4xx_HAL_Driver/Src/stm32l4xx_hal_uart.d" -MT"Drivers/STM32L4xx_HAL_Driver/Src/stm32l4xx_hal_uart.o" --specs=nano.specs -mfpu=fpv4-sp-d16 -mfloat-abi=hard -mthumb -o "Drivers/STM32L4xx_HAL_Driver/Src/stm32l4xx_hal_uart.o"
arm-none-eabi-gcc "../Drivers/STM32L4xx_HAL_Driver/Src/stm32l4xx_hal_uart_ex.c" -mcpu=cortex-m4 -std=gnu11 -g3 -DDEBUG -DUSE_HAL_DRIVER -DSTM32L476xx -c -I../Core/Inc -I../Core/Inc/devices -I../Core/Inc/homework -I../Core/Inc/project -I../Core/Inc/system -I../Drivers/STM32L4xx_HAL_Driver/Inc -I../Drivers/STM32L4xx_HAL_Driver/Inc/Legacy -I../Drivers/CMSIS/Device/ST/STM32L4xx/Include -I../Drivers/CMSIS/Include -O0 -ffunction-sections -fdata-sections -Wall -fstack-usage -fcyclomatic-complexity -MMD -MP -MF"Drivers/STM32L4xx_HAL_Driver/Src/stm32l4xx_hal_uart_ex.d" -MT"Drivers/STM32L4xx_HAL_Driver/Src/stm32l4xx_hal_uart_ex.o" --specs=nano.specs -mfpu=fpv4-sp-d16 -mfloat-abi=hard -mthumb -o "Drivers/STM32L4xx_HAL_Driver/Src/stm32l4xx_hal_uart_ex.o"
arm-none-eabi-gcc -mcpu=cortex-m4 -g3 -DDEBUG -c -x assembler-with-cpp -MMD -MP -MF"Core/Startup/startup_stm32l476rgtx.d" -MT"Core/Startup/startup_stm32l476rgtx.o" --specs=nano.specs -mfpu=fpv4-sp-d16 -mfloat-abi=hard -mthumb -o "Core/Startup/startup_stm32l476rgtx.o" "../Core/Startup/startup_stm32l476rgtx.s"
arm-none-eabi-gcc "../Core/Src/system/SysClock.c" -mcpu=cortex-m4 -std=gnu11 -g3 -DDEBUG -DUSE_HAL_DRIVER -DSTM32L476xx -c -I../Core/Inc -I../Core/Inc/devices -I../Core/Inc/homework -I../Core/Inc/project -I../Core/Inc/system -I../Drivers/STM32L4xx_HAL_Driver/Inc -I../Drivers/STM32L4xx_HAL_Driver/Inc/Legacy -I../Drivers/CMSIS/Device/ST/STM32L4xx/Include -I../Drivers/CMSIS/Include -O0 -ffunction-sections -fdata-sections -Wall -fstack-usage -fcyclomatic-complexity -MMD -MP -MF"Core/Src/system/SysClock.d" -MT"Core/Src/system/SysClock.o" --specs=nano.specs -mfpu=fpv4-sp-d16 -mfloat-abi=hard -mthumb -o "Core/Src/system/SysClock.o"
arm-none-eabi-gcc "../Core/Src/system/error_handler.c" -mcpu=cortex-m4 -std=gnu11 -g3 -DDEBUG -DUSE_HAL_DRIVER -DSTM32L476xx -c -I../Core/Inc -I../Core/Inc/devices -I../Core/Inc/homework -I../Core/Inc/project -I../Core/Inc/system -I../Drivers/STM32L4xx_HAL_Driver/Inc -I../Drivers/STM32L4xx_HAL_Driver/Inc/Legacy -I../Drivers/CMSIS/Device/ST/STM32L4xx/Include -I../Drivers/CMSIS/Include -O0 -ffunction-sections -fdata-sections -Wall -fstack-usage -fcyclomatic-complexity -MMD -MP -MF"Core/Src/system/error_handler.d" -MT"Core/Src/system/error_handler.o" --specs=nano.specs -mfpu=fpv4-sp-d16 -mfloat-abi=hard -mthumb -o "Core/Src/system/error_handler.o"
arm-none-eabi-gcc "../Core/Src/system/stm32l4xx_hal_msp.c" -mcpu=cortex-m4 -std=gnu11 -g3 -DDEBUG -DUSE_HAL_DRIVER -DSTM32L476xx -c -I../Core/Inc -I../Core/Inc/devices -I../Core/Inc/homework -I../Core/Inc/project -I../Core/Inc/system -I../Drivers/STM32L4xx_HAL_Driver/Inc -I../Drivers/STM32L4xx_HAL_Driver/Inc/Legacy -I../Drivers/CMSIS/Device/ST/STM32L4xx/Include -I../Drivers/CMSIS/Include -O0 -ffunction-sections -fdata-sections -Wall -fstack-usage -fcyclomatic-complexity -MMD -MP -MF"Core/Src/system/stm32l4xx_hal_msp.d" -MT"Core/Src/system/stm32l4xx_hal_msp.o" --specs=nano.specs -mfpu=fpv4-sp-d16 -mfloat-abi=hard -mthumb -o "Core/Src/system/stm32l4xx_hal_msp.o"
arm-none-eabi-gcc "../Core/Src/system/stm32l4xx_it.c" -mcpu=cortex-m4 -std=gnu11 -g3 -DDEBUG -DUSE_HAL_DRIVER -DSTM32L476xx -c -I../Core/Inc -I../Core/Inc/devices -I../Core/Inc/homework -I../Core/Inc/project -I../Core/Inc/system -I../Drivers/STM32L4xx_HAL_Driver/Inc -I../Drivers/STM32L4xx_HAL_Driver/Inc/Legacy -I../Drivers/CMSIS/Device/ST/STM32L4xx/Include -I../Drivers/CMSIS/Include -O0 -ffunction-sections -fdata-sections -Wall -fstack-usage -fcyclomatic-complexity -MMD -MP -MF"Core/Src/system/stm32l4xx_it.d" -MT"Core/Src/system/stm32l4xx_it.o" --specs=nano.specs -mfpu=fpv4-sp-d16 -mfloat-abi=hard -mthumb -o "Core/Src/system/stm32l4xx_it.o"
arm-none-eabi-gcc "../Core/Src/system/syscalls.c" -mcpu=cortex-m4 -std=gnu11 -g3 -DDEBUG -DUSE_HAL_DRIVER -DSTM32L476xx -c -I../Core/Inc -I../Core/Inc/devices -I../Core/Inc/homework -I../Core/Inc/project -I../Core/Inc/system -I../Drivers/STM32L4xx_HAL_Driver/Inc -I../Drivers/STM32L4xx_HAL_Driver/Inc/Legacy -I../Drivers/CMSIS/Device/ST/STM32L4xx/Include -I../Drivers/CMSIS/Include -O0 -ffunction-sections -fdata-sections -Wall -fstack-usage -fcyclomatic-complexity -MMD -MP -MF"Core/Src/system/syscalls.d" -MT"Core/Src/system/syscalls.o" --specs=nano.specs -mfpu=fpv4-sp-d16 -mfloat-abi=hard -mthumb -o "Core/Src/system/syscalls.o"
arm-none-eabi-gcc "../Core/Src/system/sysmem.c" -mcpu=cortex-m4 -std=gnu11 -g3 -DDEBUG -DUSE_HAL_DRIVER -DSTM32L476xx -c -I../Core/Inc -I../Core/Inc/devices -I../Core/Inc/homework -I../Core/Inc/project -I../Core/Inc/system -I../Drivers/STM32L4xx_HAL_Driver/Inc -I../Drivers/STM32L4xx_HAL_Driver/Inc/Legacy -I../Drivers/CMSIS/Device/ST/STM32L4xx/Include -I../Drivers/CMSIS/Include -O0 -ffunction-sections -fdata-sections -Wall -fstack-usage -fcyclomatic-complexity -MMD -MP -MF"Core/Src/system/sysmem.d" -MT"Core/Src/system/sysmem.o" --specs=nano.specs -mfpu=fpv4-sp-d16 -mfloat-abi=hard -mthumb -o "Core/Src/system/sysmem.o"
arm-none-eabi-gcc "../Core/Src/system/system_stm32l4xx.c" -mcpu=cortex-m4 -std=gnu11 -g3 -DDEBUG -DUSE_HAL_DRIVER -DSTM32L476xx -c -I../Core/Inc -I../Core/Inc/devices -I../Core/Inc/homework -I../Core/Inc/project -I../Core/Inc/system -I../Drivers/STM32L4xx_HAL_Driver/Inc -I../Drivers/STM32L4xx_HAL_Driver/Inc/Legacy -I../Drivers/CMSIS/Device/ST/STM32L4xx/Include -I../Drivers/CMSIS/Include -O0 -ffunction-sections -fdata-sections -Wall -fstack-usage -fcyclomatic-complexity -MMD -MP -MF"Core/Src/system/system_stm32l4xx.d" -MT"Core/Src/system/system_stm32l4xx.o" --specs=nano.specs -mfpu=fpv4-sp-d16 -mfloat-abi=hard -mthumb -o "Core/Src/system/system_stm32l4xx.o"
arm-none-eabi-gcc "../Core/Src/system/systick.c" -mcpu=cortex-m4 -std=gnu11 -g3 -DDEBUG -DUSE_HAL_DRIVER -DSTM32L476xx -c -I../Core/Inc -I../Core/Inc/devices -I../Core/Inc/homework -I../Core/Inc/project -I../Core/Inc/system -I../Drivers/STM32L4xx_HAL_Driver/Inc -I../Drivers/STM32L4xx_HAL_Driver/Inc/Legacy -I../Drivers/CMSIS/Device/ST/STM32L4xx/Include -I../Drivers/CMSIS/Include -O0 -ffunction-sections -fdata-sections -Wall -fstack-usage -fcyclomatic-complexity -MMD -MP -MF"Core/Src/system/systick.d" -MT"Core/Src/system/systick.o" --specs=nano.specs -mfpu=fpv4-sp-d16 -mfloat-abi=hard -mthumb -o "Core/Src/system/systick.o"
arm-none-eabi-gcc "../Core/Src/project/project.c" -mcpu=cortex-m4 -std=gnu11 -g3 -DDEBUG -DUSE_HAL_DRIVER -DSTM32L476xx -c -I../Core/Inc -I../Core/Inc/devices -I../Core/Inc/homework -I../Core/Inc/project -I../Core/Inc/system -I../Drivers/STM32L4xx_HAL_Driver/Inc -I../Drivers/STM32L4xx_HAL_Driver/Inc/Legacy -I../Drivers/CMSIS/Device/ST/STM32L4xx/Include -I../Drivers/CMSIS/Include -O0 -ffunction-sections -fdata-sections -Wall -fstack-usage -fcyclomatic-complexity -MMD -MP -MF"Core/Src/project/project.d" -MT"Core/Src/project/project.o" --specs=nano.specs -mfpu=fpv4-sp-d16 -mfloat-abi=hard -mthumb -o "Core/Src/project/project.o"
arm-none-eabi-gcc "../Core/Src/project/song.c" -mcpu=cortex-m4 -std=gnu11 -g3 -DDEBUG -DUSE_HAL_DRIVER -DSTM32L476xx -c -I../Core/Inc -I../Core/Inc/devices -I../Core/Inc/homework -I../Core/Inc/project -I../Core/Inc/system -I../Drivers/STM32L4xx_HAL_Driver/Inc -I../Drivers/STM32L4xx_HAL_Driver/Inc/Legacy -I../Drivers/CMSIS/Device/ST/STM32L4xx/Include -I../Drivers/CMSIS/Include -O0 -ffunction-sections -fdata-sections -Wall -fstack-usage -fcyclomatic-complexity -MMD -MP -MF"Core/Src/project/song.d" -MT"Core/Src/project/song.o" --specs=nano.specs -mfpu=fpv4-sp-d16 -mfloat-abi=hard -mthumb -o "Core/Src/project/song.o"
arm-none-eabi-gcc "../Core/Src/project/tone.c" -mcpu=cortex-m4 -std=gnu11 -g3 -DDEBUG -DUSE_HAL_DRIVER -DSTM32L476xx -c -I../Core/Inc -I../Core/Inc/devices -I../Core/Inc/homework -I../Core/Inc/project -I../Core/Inc/system -I../Drivers/STM32L4xx_HAL_Driver/Inc -I../Drivers/STM32L4xx_HAL_Driver/Inc/Legacy -I../Drivers/CMSIS/Device/ST/STM32L4xx/Include -I../Drivers/CMSIS/Include -O0 -ffunction-sections -fdata-sections -Wall -fstack-usage -fcyclomatic-complexity -MMD -MP -MF"Core/Src/project/tone.d" -MT"Core/Src/project/tone.o" --specs=nano.specs -mfpu=fpv4-sp-d16 -mfloat-abi=hard -mthumb -o "Core/Src/project/tone.o"
arm-none-eabi-gcc "../Core/Src/homework/printf.c" -mcpu=cortex-m4 -std=gnu11 -g3 -DDEBUG -DUSE_HAL_DRIVER -DSTM32L476xx -c -I../Core/Inc -I../Core/Inc/devices -I../Core/Inc/homework -I../Core/Inc/project -I../Core/Inc/system -I../Drivers/STM32L4xx_HAL_Driver/Inc -I../Drivers/STM32L4xx_HAL_Driver/Inc/Legacy -I../Drivers/CMSIS/Device/ST/STM32L4xx/Include -I../Drivers/CMSIS/Include -O0 -ffunction-sections -fdata-sections -Wall -fstack-usage -fcyclomatic-complexity -MMD -MP -MF"Core/Src/homework/printf.d" -MT"Core/Src/homework/printf.o" --specs=nano.specs -mfpu=fpv4-sp-d16 -mfloat-abi=hard -mthumb -o "Core/Src/homework/printf.o"
arm-none-eabi-gcc "../Core/Src/examples/hello_world.c" -mcpu=cortex-m4 -std=gnu11 -g3 -DDEBUG -DUSE_HAL_DRIVER -DSTM32L476xx -c -I../Core/Inc -I../Core/Inc/devices -I../Core/Inc/homework -I../Core/Inc/project -I../Core/Inc/system -I../Drivers/STM32L4xx_HAL_Driver/Inc -I../Drivers/STM32L4xx_HAL_Driver/Inc/Legacy -I../Drivers/CMSIS/Device/ST/STM32L4xx/Include -I../Drivers/CMSIS/Include -O0 -ffunction-sections -fdata-sections -Wall -fstack-usage -fcyclomatic-complexity -MMD -MP -MF"Core/Src/examples/hello_world.d" -MT"Core/Src/examples/hello_world.o" --specs=nano.specs -mfpu=fpv4-sp-d16 -mfloat-abi=hard -mthumb -o "Core/Src/examples/hello_world.o"
arm-none-eabi-gcc "../Core/Src/devices/GPIO.c" -mcpu=cortex-m4 -std=gnu11 -g3 -DDEBUG -DUSE_HAL_DRIVER -DSTM32L476xx -c -I../Core/Inc -I../Core/Inc/devices -I../Core/Inc/homework -I../Core/Inc/project -I../Core/Inc/system -I../Drivers/STM32L4xx_HAL_Driver/Inc -I../Drivers/STM32L4xx_HAL_Driver/Inc/Legacy -I../Drivers/CMSIS/Device/ST/STM32L4xx/Include -I../Drivers/CMSIS/Include -O0 -ffunction-sections -fdata-sections -Wall -fstack-usage -fcyclomatic-complexity -MMD -MP -MF"Core/Src/devices/GPIO.d" -MT"Core/Src/devices/GPIO.o" --specs=nano.specs -mfpu=fpv4-sp-d16 -mfloat-abi=hard -mthumb -o "Core/Src/devices/GPIO.o"
arm-none-eabi-gcc "../Core/Src/devices/LED.c" -mcpu=cortex-m4 -std=gnu11 -g3 -DDEBUG -DUSE_HAL_DRIVER -DSTM32L476xx -c -I../Core/Inc -I../Core/Inc/devices -I../Core/Inc/homework -I../Core/Inc/project -I../Core/Inc/system -I../Drivers/STM32L4xx_HAL_Driver/Inc -I../Drivers/STM32L4xx_HAL_Driver/Inc/Legacy -I../Drivers/CMSIS/Device/ST/STM32L4xx/Include -I../Drivers/CMSIS/Include -O0 -ffunction-sections -fdata-sections -Wall -fstack-usage -fcyclomatic-complexity -MMD -MP -MF"Core/Src/devices/LED.d" -MT"Core/Src/devices/LED.o" --specs=nano.specs -mfpu=fpv4-sp-d16 -mfloat-abi=hard -mthumb -o "Core/Src/devices/LED.o"
arm-none-eabi-gcc "../Core/Src/devices/UART.c" -mcpu=cortex-m4 -std=gnu11 -g3 -DDEBUG -DUSE_HAL_DRIVER -DSTM32L476xx -c -I../Core/Inc -I../Core/Inc/devices -I../Core/Inc/homework -I../Core/Inc/project -I../Core/Inc/system -I../Drivers/STM32L4xx_HAL_Driver/Inc -I../Drivers/STM32L4xx_HAL_Driver/Inc/Legacy -I../Drivers/CMSIS/Device/ST/STM32L4xx/Include -I../Drivers/CMSIS/Include -O0 -ffunction-sections -fdata-sections -Wall -fstack-usage -fcyclomatic-complexity -MMD -MP -MF"Core/Src/devices/UART.d" -MT"Core/Src/devices/UART.o" --specs=nano.specs -mfpu=fpv4-sp-d16 -mfloat-abi=hard -mthumb -o "Core/Src/devices/UART.o"
arm-none-eabi-gcc "../Core/Src/devices/adc.c" -mcpu=cortex-m4 -std=gnu11 -g3 -DDEBUG -DUSE_HAL_DRIVER -DSTM32L476xx -c -I../Core/Inc -I../Core/Inc/devices -I../Core/Inc/homework -I../Core/Inc/project -I../Core/Inc/system -I../Drivers/STM32L4xx_HAL_Driver/Inc -I../Drivers/STM32L4xx_HAL_Driver/Inc/Legacy -I../Drivers/CMSIS/Device/ST/STM32L4xx/Include -I../Drivers/CMSIS/Include -O0 -ffunction-sections -fdata-sections -Wall -fstack-usage -fcyclomatic-complexity -MMD -MP -MF"Core/Src/devices/adc.d" -MT"Core/Src/devices/adc.o" --specs=nano.specs -mfpu=fpv4-sp-d16 -mfloat-abi=hard -mthumb -o "Core/Src/devices/adc.o"
arm-none-eabi-gcc "../Core/Src/devices/dac.c" -mcpu=cortex-m4 -std=gnu11 -g3 -DDEBUG -DUSE_HAL_DRIVER -DSTM32L476xx -c -I../Core/Inc -I../Core/Inc/devices -I../Core/Inc/homework -I../Core/Inc/project -I../Core/Inc/system -I../Drivers/STM32L4xx_HAL_Driver/Inc -I../Drivers/STM32L4xx_HAL_Driver/Inc/Legacy -I../Drivers/CMSIS/Device/ST/STM32L4xx/Include -I../Drivers/CMSIS/Include -O0 -ffunction-sections -fdata-sections -Wall -fstack-usage -fcyclomatic-complexity -MMD -MP -MF"Core/Src/devices/dac.d" -MT"Core/Src/devices/dac.o" --specs=nano.specs -mfpu=fpv4-sp-d16 -mfloat-abi=hard -mthumb -o "Core/Src/devices/dac.o"
arm-none-eabi-gcc "../Core/Src/adc_dac_demo.c" -mcpu=cortex-m4 -std=gnu11 -g3 -DDEBUG -DUSE_HAL_DRIVER -DSTM32L476xx -c -I../Core/Inc -I../Core/Inc/devices -I../Core/Inc/homework -I../Core/Inc/project -I../Core/Inc/system -I../Drivers/STM32L4xx_HAL_Driver/Inc -I../Drivers/STM32L4xx_HAL_Driver/Inc/Legacy -I../Drivers/CMSIS/Device/ST/STM32L4xx/Include -I../Drivers/CMSIS/Include -O0 -ffunction-sections -fdata-sections -Wall -fstack-usage -fcyclomatic-complexity -MMD -MP -MF"Core/Src/adc_dac_demo.d" -MT"Core/Src/adc_dac_demo.o" --specs=nano.specs -mfpu=fpv4-sp-d16 -mfloat-abi=hard -mthumb -o "Core/Src/adc_dac_demo.o"
arm-none-eabi-gcc "../Core/Src/demo.c" -mcpu=cortex-m4 -std=gnu11 -g3 -DDEBUG -DUSE_HAL_DRIVER -DSTM32L476xx -c -I../Core/Inc -I../Core/Inc/devices -I../Core/Inc/homework -I../Core/Inc/project -I../Core/Inc/system -I../Drivers/STM32L4xx_HAL_Driver/Inc -I../Drivers/STM32L4xx_HAL_Driver/Inc/Legacy -I../Drivers/CMSIS/Device/ST/STM32L4xx/Include -I../Drivers/CMSIS/Include -O0 -ffunction-sections -fdata-sections -Wall -fstack-usage -fcyclomatic-complexity -MMD -MP -MF"Core/Src/demo.d" -MT"Core/Src/demo.o" --specs=nano.specs -mfpu=fpv4-sp-d16 -mfloat-abi=hard -mthumb -o "Core/Src/demo.o"
arm-none-eabi-gcc "../Core/Src/main.c" -mcpu=cortex-m4 -std=gnu11 -g3 -DDEBUG -DUSE_HAL_DRIVER -DSTM32L476xx -c -I../Core/Inc -I../Core/Inc/devices -I../Core/Inc/homework -I../Core/Inc/project -I../Core/Inc/system -I../Drivers/STM32L4xx_HAL_Driver/Inc -I../Drivers/STM32L4xx_HAL_Driver/Inc/Legacy -I../Drivers/CMSIS/Device/ST/STM32L4xx/Include -I../Drivers/CMSIS/Include -O0 -ffunction-sections -fdata-sections -Wall -fstack-usage -fcyclomatic-complexity -MMD -MP -MF"Core/Src/main.d" -MT"Core/Src/main.o" --specs=nano.specs -mfpu=fpv4-sp-d16 -mfloat-abi=hard -mthumb -o "Core/Src/main.o"
../Core/Src/devices/adc.c:12:1: error: unknown type name 'ADC_HandleTypeDef'; did you mean 'UART_HandleTypeDef'?
   12 | ADC_HandleTypeDef hadc1;
      | ^~~~~~~~~~~~~~~~~
      | UART_HandleTypeDef
../Core/Src/devices/adc.c:20:22: error: unknown type name 'ADC_HandleTypeDef'; did you mean 'UART_HandleTypeDef'?
   20 | void HAL_ADC_MspInit(ADC_HandleTypeDef* hadc)
      |                      ^~~~~~~~~~~~~~~~~
      |                      UART_HandleTypeDef
../Core/Src/devices/adc.c:64:24: error: unknown type name 'ADC_HandleTypeDef'; did you mean 'UART_HandleTypeDef'?
   64 | void HAL_ADC_MspDeInit(ADC_HandleTypeDef* hadc)
      |                        ^~~~~~~~~~~~~~~~~
      |                        UART_HandleTypeDef
../Core/Src/adc_dac_demo.c: In function 'run_adc_dac_demo':
../Core/Src/adc_dac_demo.c:24:9: warning: implicit declaration of function 'init_systick' [-Wimplicit-function-declaration]
   24 |         init_systick();
      |         ^~~~~~~~~~~~
arm-none-eabi-gcc "../Core/Src/stm32l4xx_hal_msp.c" -mcpu=cortex-m4 -std=gnu11 -g3 -DDEBUG -DUSE_HAL_DRIVER -DSTM32L476xx -c -I../Core/Inc -I../Core/Inc/devices -I../Core/Inc/homework -I../Core/Inc/project -I../Core/Inc/system -I../Drivers/STM32L4xx_HAL_Driver/Inc -I../Drivers/STM32L4xx_HAL_Driver/Inc/Legacy -I../Drivers/CMSIS/Device/ST/STM32L4xx/Include -I../Drivers/CMSIS/Include -O0 -ffunction-sections -fdata-sections -Wall -fstack-usage -fcyclomatic-complexity -MMD -MP -MF"Core/Src/stm32l4xx_hal_msp.d" -MT"Core/Src/stm32l4xx_hal_msp.o" --specs=nano.specs -mfpu=fpv4-sp-d16 -mfloat-abi=hard -mthumb -o "Core/Src/stm32l4xx_hal_msp.o"
../Core/Src/devices/adc.c: In function 'ADC_Init':
../Core/Src/devices/adc.c:75:11: error: unknown type name 'ADC_MultiModeTypeDef'
   75 |           ADC_MultiModeTypeDef multimode = {0};
      |           ^~~~~~~~~~~~~~~~~~~~
../Core/Src/devices/dac.c:12:1: error: unknown type name 'DAC_HandleTypeDef'; did you mean 'DMA_HandleTypeDef'?
   12 | DAC_HandleTypeDef hdac1;
      | ^~~~~~~~~~~~~~~~~
      | DMA_HandleTypeDef
../Core/Src/devices/dac.c:20:22: error: unknown type name 'DAC_HandleTypeDef'; did you mean 'DMA_HandleTypeDef'?
   20 | void HAL_DAC_MspInit(DAC_HandleTypeDef* hdac)
      |                      ^~~~~~~~~~~~~~~~~
      |                      DMA_HandleTypeDef
../Core/Src/devices/adc.c:76:11: error: unknown type name 'ADC_ChannelConfTypeDef'; did you mean 'DMA_Channel_TypeDef'?
   76 |           ADC_ChannelConfTypeDef sConfig = {0};
      |           ^~~~~~~~~~~~~~~~~~~~~~
      |           DMA_Channel_TypeDef
../Core/Src/devices/adc.c:80:16: error: request for member 'Instance' in something not a structure or union
   80 |           hadc1.Instance = ADC1;
      |                ^
../Core/Src/devices/adc.c:81:16: error: request for member 'Init' in something not a structure or union
   81 |           hadc1.Init.ClockPrescaler = ADC_CLOCK_ASYNC_DIV1;
      |                ^
arm-none-eabi-gcc "../Core/Src/stm32l4xx_it.c" -mcpu=cortex-m4 -std=gnu11 -g3 -DDEBUG -DUSE_HAL_DRIVER -DSTM32L476xx -c -I../Core/Inc -I../Core/Inc/devices -I../Core/Inc/homework -I../Core/Inc/project -I../Core/Inc/system -I../Drivers/STM32L4xx_HAL_Driver/Inc -I../Drivers/STM32L4xx_HAL_Driver/Inc/Legacy -I../Drivers/CMSIS/Device/ST/STM32L4xx/Include -I../Drivers/CMSIS/Include -O0 -ffunction-sections -fdata-sections -Wall -fstack-usage -fcyclomatic-complexity -MMD -MP -MF"Core/Src/stm32l4xx_it.d" -MT"Core/Src/stm32l4xx_it.o" --specs=nano.specs -mfpu=fpv4-sp-d16 -mfloat-abi=hard -mthumb -o "Core/Src/stm32l4xx_it.o"
../Core/Src/devices/dac.c:42:24: error: unknown type name 'DAC_HandleTypeDef'; did you mean 'DMA_HandleTypeDef'?
   42 | void HAL_DAC_MspDeInit(DAC_HandleTypeDef* hdac)
      |                        ^~~~~~~~~~~~~~~~~
      |                        DMA_HandleTypeDef
../Core/Src/devices/adc.c:81:39: error: 'ADC_CLOCK_ASYNC_DIV1' undeclared (first use in this function); did you mean 'ADC_CLOCK_ASYNC'?
   81 |           hadc1.Init.ClockPrescaler = ADC_CLOCK_ASYNC_DIV1;
      |                                       ^~~~~~~~~~~~~~~~~~~~
      |                                       ADC_CLOCK_ASYNC
../Core/Src/devices/adc.c:81:39: note: each undeclared identifier is reported only once for each function it appears in
../Core/Src/devices/adc.c:82:16: error: request for member 'Init' in something not a structure or union
   82 |           hadc1.Init.Resolution = ADC_RESOLUTION_12B;
      |                ^
arm-none-eabi-gcc "../Core/Src/syscalls.c" -mcpu=cortex-m4 -std=gnu11 -g3 -DDEBUG -DUSE_HAL_DRIVER -DSTM32L476xx -c -I../Core/Inc -I../Core/Inc/devices -I../Core/Inc/homework -I../Core/Inc/project -I../Core/Inc/system -I../Drivers/STM32L4xx_HAL_Driver/Inc -I../Drivers/STM32L4xx_HAL_Driver/Inc/Legacy -I../Drivers/CMSIS/Device/ST/STM32L4xx/Include -I../Drivers/CMSIS/Include -O0 -ffunction-sections -fdata-sections -Wall -fstack-usage -fcyclomatic-complexity -MMD -MP -MF"Core/Src/syscalls.d" -MT"Core/Src/syscalls.o" --specs=nano.specs -mfpu=fpv4-sp-d16 -mfloat-abi=hard -mthumb -o "Core/Src/syscalls.o"
../Core/Src/devices/dac.c: In function 'DAC_Init':
../Core/Src/devices/dac.c:53:9: error: unknown type name 'DAC_ChannelConfTypeDef'; did you mean 'DMA_Channel_TypeDef'?
   53 |         DAC_ChannelConfTypeDef sConfig = {0};
      |         ^~~~~~~~~~~~~~~~~~~~~~
      |         DMA_Channel_TypeDef
../Core/Src/devices/dac.c:57:8: error: request for member 'Instance' in something not a structure or union
   57 |   hdac1.Instance = DAC1;
      |        ^
../Core/Src/devices/dac.c:58:7: warning: implicit declaration of function 'HAL_DAC_Init'; did you mean 'HAL_DMA_Init'? [-Wimplicit-function-declaration]
   58 |   if (HAL_DAC_Init(&hdac1) != HAL_OK)
      |       ^~~~~~~~~~~~
      |       HAL_DMA_Init
../Core/Src/devices/dac.c:65:10: error: request for member 'DAC_SampleAndHold' in something not a structure or union
   65 |   sConfig.DAC_SampleAndHold = DAC_SAMPLEANDHOLD_DISABLE;
      |          ^
arm-none-eabi-gcc "../Core/Src/sysmem.c" -mcpu=cortex-m4 -std=gnu11 -g3 -DDEBUG -DUSE_HAL_DRIVER -DSTM32L476xx -c -I../Core/Inc -I../Core/Inc/devices -I../Core/Inc/homework -I../Core/Inc/project -I../Core/Inc/system -I../Drivers/STM32L4xx_HAL_Driver/Inc -I../Drivers/STM32L4xx_HAL_Driver/Inc/Legacy -I../Drivers/CMSIS/Device/ST/STM32L4xx/Include -I../Drivers/CMSIS/Include -O0 -ffunction-sections -fdata-sections -Wall -fstack-usage -fcyclomatic-complexity -MMD -MP -MF"Core/Src/sysmem.d" -MT"Core/Src/sysmem.o" --specs=nano.specs -mfpu=fpv4-sp-d16 -mfloat-abi=hard -mthumb -o "Core/Src/sysmem.o"
../Core/Src/devices/adc.c:82:35: error: 'ADC_RESOLUTION_12B' undeclared (first use in this function); did you mean 'ADC_RESOLUTION12b'?
   82 |           hadc1.Init.Resolution = ADC_RESOLUTION_12B;
      |                                   ^~~~~~~~~~~~~~~~~~
      |                                   ADC_RESOLUTION12b
../Core/Src/devices/adc.c:83:16: error: request for member 'Init' in something not a structure or union
   83 |           hadc1.Init.DataAlign = ADC_DATAALIGN_RIGHT;
      |                ^
arm-none-eabi-gcc "../Core/Src/system_stm32l4xx.c" -mcpu=cortex-m4 -std=gnu11 -g3 -DDEBUG -DUSE_HAL_DRIVER -DSTM32L476xx -c -I../Core/Inc -I../Core/Inc/devices -I../Core/Inc/homework -I../Core/Inc/project -I../Core/Inc/system -I../Drivers/STM32L4xx_HAL_Driver/Inc -I../Drivers/STM32L4xx_HAL_Driver/Inc/Legacy -I../Drivers/CMSIS/Device/ST/STM32L4xx/Include -I../Drivers/CMSIS/Include -O0 -ffunction-sections -fdata-sections -Wall -fstack-usage -fcyclomatic-complexity -MMD -MP -MF"Core/Src/system_stm32l4xx.d" -MT"Core/Src/system_stm32l4xx.o" --specs=nano.specs -mfpu=fpv4-sp-d16 -mfloat-abi=hard -mthumb -o "Core/Src/system_stm32l4xx.o"
../Core/Src/devices/dac.c:65:31: error: 'DAC_SAMPLEANDHOLD_DISABLE' undeclared (first use in this function)
   65 |   sConfig.DAC_SampleAndHold = DAC_SAMPLEANDHOLD_DISABLE;
      |                               ^~~~~~~~~~~~~~~~~~~~~~~~~
../Core/Src/devices/dac.c:65:31: note: each undeclared identifier is reported only once for each function it appears in
../Core/Src/devices/dac.c:66:10: error: request for member 'DAC_Trigger' in something not a structure or union
   66 |   sConfig.DAC_Trigger = DAC_TRIGGER_NONE;
      |          ^
../Core/Src/devices/adc.c:83:34: error: 'ADC_DATAALIGN_RIGHT' undeclared (first use in this function)
   83 |           hadc1.Init.DataAlign = ADC_DATAALIGN_RIGHT;
      |                                  ^~~~~~~~~~~~~~~~~~~
../Core/Src/devices/adc.c:84:16: error: request for member 'Init' in something not a structure or union
   84 |           hadc1.Init.ScanConvMode = ADC_SCAN_DISABLE;
      |                ^
../Core/Src/stm32l4xx_hal_msp.c: In function 'HAL_MspInit':
../Core/Src/stm32l4xx_hal_msp.c:71:3: warning: implicit declaration of function '__HAL_RCC_SYSCFG_CLK_ENABLE' [-Wimplicit-function-declaration]
   71 |   __HAL_RCC_SYSCFG_CLK_ENABLE();
      |   ^~~~~~~~~~~~~~~~~~~~~~~~~~~
../Core/Src/stm32l4xx_hal_msp.c:72:3: warning: implicit declaration of function '__HAL_RCC_PWR_CLK_ENABLE' [-Wimplicit-function-declaration]
   72 |   __HAL_RCC_PWR_CLK_ENABLE();
      |   ^~~~~~~~~~~~~~~~~~~~~~~~
../Core/Src/stm32l4xx_hal_msp.c: At top level:
../Core/Src/stm32l4xx_hal_msp.c:87:23: error: unknown type name 'UART_HandleTypeDef'
   87 | void HAL_UART_MspInit(UART_HandleTypeDef* huart)
      |                       ^~~~~~~~~~~~~~~~~~
../Core/Src/stm32l4xx_hal_msp.c:135:25: error: unknown type name 'UART_HandleTypeDef'
  135 | void HAL_UART_MspDeInit(UART_HandleTypeDef* huart)
      |                         ^~~~~~~~~~~~~~~~~~
../Core/Src/devices/adc.c:84:37: error: 'ADC_SCAN_DISABLE' undeclared (first use in this function)
   84 |           hadc1.Init.ScanConvMode = ADC_SCAN_DISABLE;
      |                                     ^~~~~~~~~~~~~~~~
../Core/Src/devices/dac.c:66:25: error: 'DAC_TRIGGER_NONE' undeclared (first use in this function); did you mean 'EXTI_TRIGGER_NONE'?
   66 |   sConfig.DAC_Trigger = DAC_TRIGGER_NONE;
      |                         ^~~~~~~~~~~~~~~~
      |                         EXTI_TRIGGER_NONE
../Core/Src/devices/adc.c:85:16: error: request for member 'Init' in something not a structure or union
   85 |           hadc1.Init.EOCSelection = ADC_EOC_SINGLE_CONV;
      |                ^
../Core/Src/devices/dac.c:67:10: error: request for member 'DAC_OutputBuffer' in something not a structure or union
   67 |   sConfig.DAC_OutputBuffer = DAC_OUTPUTBUFFER_ENABLE;
      |          ^
make: *** [Core/Src/subdir.mk:40: Core/Src/stm32l4xx_hal_msp.o] Error 1
make: *** Waiting for unfinished jobs....
../Core/Src/devices/dac.c:67:30: error: 'DAC_OUTPUTBUFFER_ENABLE' undeclared (first use in this function)
   67 |   sConfig.DAC_OutputBuffer = DAC_OUTPUTBUFFER_ENABLE;
      |                              ^~~~~~~~~~~~~~~~~~~~~~~
../Core/Src/devices/dac.c:68:10: error: request for member 'DAC_ConnectOnChipPeripheral' in something not a structure or union
   68 |   sConfig.DAC_ConnectOnChipPeripheral = DAC_CHIPCONNECT_DISABLE;
      |          ^
../Core/Src/devices/adc.c:85:37: error: 'ADC_EOC_SINGLE_CONV' undeclared (first use in this function); did you mean 'EOC_SINGLE_CONV'?
   85 |           hadc1.Init.EOCSelection = ADC_EOC_SINGLE_CONV;
      |                                     ^~~~~~~~~~~~~~~~~~~
      |                                     EOC_SINGLE_CONV
../Core/Src/devices/adc.c:86:16: error: request for member 'Init' in something not a structure or union
   86 |           hadc1.Init.LowPowerAutoWait = DISABLE;
      |                ^
../Core/Src/devices/adc.c:87:16: error: request for member 'Init' in something not a structure or union
   87 |           hadc1.Init.ContinuousConvMode = DISABLE;
      |                ^
../Core/Src/devices/adc.c:88:16: error: request for member 'Init' in something not a structure or union
   88 |           hadc1.Init.NbrOfConversion = 1;
      |                ^
../Core/Src/devices/adc.c:89:16: error: request for member 'Init' in something not a structure or union
   89 |           hadc1.Init.DiscontinuousConvMode = DISABLE;
      |                ^
../Core/Src/devices/adc.c:90:16: error: request for member 'Init' in something not a structure or union
   90 |           hadc1.Init.ExternalTrigConv = ADC_SOFTWARE_START;
      |                ^
../Core/Src/stm32l4xx_it.c: In function 'SysTick_Handler':
../Core/Src/stm32l4xx_it.c:188:3: warning: implicit declaration of function 'HAL_IncTick' [-Wimplicit-function-declaration]
  188 |   HAL_IncTick();
      |   ^~~~~~~~~~~
../Core/Src/devices/adc.c:90:41: error: 'ADC_SOFTWARE_START' undeclared (first use in this function)
   90 |           hadc1.Init.ExternalTrigConv = ADC_SOFTWARE_START;
      |                                         ^~~~~~~~~~~~~~~~~~
../Core/Src/devices/adc.c:91:16: error: request for member 'Init' in something not a structure or union
   91 |           hadc1.Init.ExternalTrigConvEdge = ADC_EXTERNALTRIGCONVEDGE_NONE;
      |                ^
../Core/Src/devices/dac.c:68:41: error: 'DAC_CHIPCONNECT_DISABLE' undeclared (first use in this function)
   68 |   sConfig.DAC_ConnectOnChipPeripheral = DAC_CHIPCONNECT_DISABLE;
      |                                         ^~~~~~~~~~~~~~~~~~~~~~~
../Core/Src/devices/dac.c:69:10: error: request for member 'DAC_UserTrimming' in something not a structure or union
   69 |   sConfig.DAC_UserTrimming = DAC_TRIMMING_FACTORY;
      |          ^
../Core/Src/devices/adc.c:91:45: error: 'ADC_EXTERNALTRIGCONVEDGE_NONE' undeclared (first use in this function); did you mean 'ADC_EXTERNALTRIG_EDGE_NONE'?
   91 |           hadc1.Init.ExternalTrigConvEdge = ADC_EXTERNALTRIGCONVEDGE_NONE;
      |                                             ^~~~~~~~~~~~~~~~~~~~~~~~~~~~~
      |                                             ADC_EXTERNALTRIG_EDGE_NONE
../Core/Src/devices/adc.c:92:16: error: request for member 'Init' in something not a structure or union
   92 |           hadc1.Init.DMAContinuousRequests = DISABLE;
      |                ^
../Core/Src/devices/adc.c:93:16: error: request for member 'Init' in something not a structure or union
   93 |           hadc1.Init.Overrun = ADC_OVR_DATA_PRESERVED;
      |                ^
../Core/Src/devices/dac.c:69:30: error: 'DAC_TRIMMING_FACTORY' undeclared (first use in this function)
   69 |   sConfig.DAC_UserTrimming = DAC_TRIMMING_FACTORY;
      |                              ^~~~~~~~~~~~~~~~~~~~
../Core/Src/devices/adc.c:93:32: error: 'ADC_OVR_DATA_PRESERVED' undeclared (first use in this function); did you mean 'OVR_DATA_PRESERVED'?
   93 |           hadc1.Init.Overrun = ADC_OVR_DATA_PRESERVED;
      |                                ^~~~~~~~~~~~~~~~~~~~~~
      |                                OVR_DATA_PRESERVED
../Core/Src/devices/adc.c:94:16: error: request for member 'Init' in something not a structure or union
   94 |           hadc1.Init.OversamplingMode = DISABLE;
      |                ^
../Core/Src/devices/dac.c:71:7: warning: implicit declaration of function 'HAL_DAC_ConfigChannel' [-Wimplicit-function-declaration]
   71 |   if (HAL_DAC_ConfigChannel(&hdac1, &sConfig, DAC_CHANNEL_1) != HAL_OK)
      |       ^~~~~~~~~~~~~~~~~~~~~
../Core/Src/devices/dac.c:71:47: error: 'DAC_CHANNEL_1' undeclared (first use in this function); did you mean 'DAC2_CHANNEL_1'?
   71 |   if (HAL_DAC_ConfigChannel(&hdac1, &sConfig, DAC_CHANNEL_1) != HAL_OK)
      |                                               ^~~~~~~~~~~~~
      |                                               DAC2_CHANNEL_1
../Core/Src/devices/adc.c:95:15: warning: implicit declaration of function 'HAL_ADC_Init'; did you mean 'HAL_DeInit'? [-Wimplicit-function-declaration]
   95 |           if (HAL_ADC_Init(&hadc1) != HAL_OK)
      |               ^~~~~~~~~~~~
      |               HAL_DeInit
../Core/Src/devices/adc.c:102:20: error: request for member 'Mode' in something not a structure or union
  102 |           multimode.Mode = ADC_MODE_INDEPENDENT;
      |                    ^
../Core/Src/devices/dac.c: In function 'DAC_Start':
../Core/Src/devices/dac.c:78:9: warning: implicit declaration of function 'HAL_DAC_Start'; did you mean 'HAL_DMA_Start'? [-Wimplicit-function-declaration]
   78 |         HAL_DAC_Start (&hdac1, DAC_CHANNEL_1);
      |         ^~~~~~~~~~~~~
      |         HAL_DMA_Start
../Core/Src/devices/dac.c:78:32: error: 'DAC_CHANNEL_1' undeclared (first use in this function); did you mean 'DAC2_CHANNEL_1'?
   78 |         HAL_DAC_Start (&hdac1, DAC_CHANNEL_1);
      |                                ^~~~~~~~~~~~~
      |                                DAC2_CHANNEL_1
../Core/Src/devices/adc.c:102:28: error: 'ADC_MODE_INDEPENDENT' undeclared (first use in this function)
  102 |           multimode.Mode = ADC_MODE_INDEPENDENT;
      |                            ^~~~~~~~~~~~~~~~~~~~
../Core/Src/devices/dac.c: In function 'DAC_Set_Value':
../Core/Src/devices/dac.c:82:9: warning: implicit declaration of function 'HAL_DAC_SetValue'; did you mean 'DAC_Set_Value'? [-Wimplicit-function-declaration]
   82 |         HAL_DAC_SetValue (&hdac1, DAC_CHANNEL_1, DAC_ALIGN_12B_R, value);
      |         ^~~~~~~~~~~~~~~~
      |         DAC_Set_Value
../Core/Src/devices/dac.c:82:35: error: 'DAC_CHANNEL_1' undeclared (first use in this function); did you mean 'DAC2_CHANNEL_1'?
   82 |         HAL_DAC_SetValue (&hdac1, DAC_CHANNEL_1, DAC_ALIGN_12B_R, value);
      |                                   ^~~~~~~~~~~~~
      |                                   DAC2_CHANNEL_1
../Core/Src/devices/dac.c:82:50: error: 'DAC_ALIGN_12B_R' undeclared (first use in this function)
   82 |         HAL_DAC_SetValue (&hdac1, DAC_CHANNEL_1, DAC_ALIGN_12B_R, value);
      |                                                  ^~~~~~~~~~~~~~~
../Core/Src/devices/adc.c:103:15: warning: implicit declaration of function 'HAL_ADCEx_MultiModeConfigChannel' [-Wimplicit-function-declaration]
  103 |           if (HAL_ADCEx_MultiModeConfigChannel(&hadc1, &multimode) != HAL_OK)
      |               ^~~~~~~~~~~~~~~~~~~~~~~~~~~~~~~~
../Core/Src/devices/adc.c:111:18: error: request for member 'Channel' in something not a structure or union
  111 |           sConfig.Channel = ADC_CHANNEL;
      |                  ^
make: *** [Core/Src/devices/subdir.mk:31: Core/Src/devices/dac.o] Error 1
In file included from ../Core/Src/devices/adc.c:8:
../Core/Inc/devices/adc.h:13:21: error: 'ADC_CHANNEL_5' undeclared (first use in this function); did you mean 'ADC_CHANNEL'?
   13 | #define ADC_CHANNEL ADC_CHANNEL_5 // A0 on the left connector
      |                     ^~~~~~~~~~~~~
../Core/Src/devices/adc.c:111:29: note: in expansion of macro 'ADC_CHANNEL'
  111 |           sConfig.Channel = ADC_CHANNEL;
      |                             ^~~~~~~~~~~
../Core/Src/devices/adc.c:112:18: error: request for member 'Rank' in something not a structure or union
  112 |           sConfig.Rank = ADC_REGULAR_RANK_1;
      |                  ^
../Core/Src/devices/adc.c:112:26: error: 'ADC_REGULAR_RANK_1' undeclared (first use in this function)
  112 |           sConfig.Rank = ADC_REGULAR_RANK_1;
      |                          ^~~~~~~~~~~~~~~~~~
../Core/Src/devices/adc.c:113:18: error: request for member 'SamplingTime' in something not a structure or union
  113 |           sConfig.SamplingTime = ADC_SAMPLETIME_2CYCLES_5;
      |                  ^
../Core/Src/devices/adc.c:113:34: error: 'ADC_SAMPLETIME_2CYCLES_5' undeclared (first use in this function); did you mean 'ADC_SAMPLETIME_2CYCLE_5'?
  113 |           sConfig.SamplingTime = ADC_SAMPLETIME_2CYCLES_5;
      |                                  ^~~~~~~~~~~~~~~~~~~~~~~~
      |                                  ADC_SAMPLETIME_2CYCLE_5
../Core/Src/devices/adc.c:114:18: error: request for member 'SingleDiff' in something not a structure or union
  114 |           sConfig.SingleDiff = ADC_SINGLE_ENDED;
      |                  ^
../Core/Src/devices/adc.c:114:32: error: 'ADC_SINGLE_ENDED' undeclared (first use in this function)
  114 |           sConfig.SingleDiff = ADC_SINGLE_ENDED;
      |                                ^~~~~~~~~~~~~~~~
../Core/Src/devices/adc.c:115:18: error: request for member 'OffsetNumber' in something not a structure or union
  115 |           sConfig.OffsetNumber = ADC_OFFSET_NONE;
      |                  ^
../Core/Src/devices/adc.c:115:34: error: 'ADC_OFFSET_NONE' undeclared (first use in this function)
  115 |           sConfig.OffsetNumber = ADC_OFFSET_NONE;
      |                                  ^~~~~~~~~~~~~~~
../Core/Src/devices/adc.c:116:18: error: request for member 'Offset' in something not a structure or union
  116 |           sConfig.Offset = 0;
      |                  ^
../Core/Src/devices/adc.c:117:15: warning: implicit declaration of function 'HAL_ADC_ConfigChannel' [-Wimplicit-function-declaration]
  117 |           if (HAL_ADC_ConfigChannel(&hadc1, &sConfig)  != HAL_OK)
      |               ^~~~~~~~~~~~~~~~~~~~~
../Core/Src/devices/adc.c: In function 'ADC_Start':
../Core/Src/devices/adc.c:124:9: warning: implicit declaration of function 'HAL_ADC_Start'; did you mean 'HAL_DMA_Start'? [-Wimplicit-function-declaration]
  124 |         HAL_ADC_Start (&hadc1);
      |         ^~~~~~~~~~~~~
      |         HAL_DMA_Start
../Core/Src/devices/adc.c: In function 'ADC_Read_Value_Blocking':
../Core/Src/devices/adc.c:128:9: warning: implicit declaration of function 'HAL_ADC_PollForConversion' [-Wimplicit-function-declaration]
  128 |         HAL_ADC_PollForConversion (&hadc1, 10);
      |         ^~~~~~~~~~~~~~~~~~~~~~~~~
../Core/Src/devices/adc.c:129:16: warning: implicit declaration of function 'HAL_ADC_GetValue' [-Wimplicit-function-declaration]
  129 |         return HAL_ADC_GetValue (&hadc1);
      |                ^~~~~~~~~~~~~~~~
make: *** [Core/Src/devices/subdir.mk:31: Core/Src/devices/adc.o] Error 1
"make -j12 all" terminated with exit code 2. Build might be incomplete.

11:32:05 Build Failed. 66 errors, 14 warnings. (took 2s.647ms)

